<?xml version="1.0" encoding="UTF-8"?>
<!-- Generated by org.testng.reporters.JUnitXMLReporter -->
<testsuite ignored="3" hostname="Reginas-MBP.local.tld" failures="1" tests="6" name="Critical Functionalities" time="19.552" errors="0" timestamp="2022-05-29T16:15:14 CDT">
  <testcase classname="scripts._01_AppleTest" name="testAppleTitle" time="0.829"/>
  <testcase classname="scripts._02_TechGlobalTest" name="testApplicationFormHeading" time="0.763"/>
  <testcase classname="scripts._04_GoogleSearchTest" name="testGoogleStoreLink" time="0.853">
    <failure type="java.lang.NullPointerException" message="Cannot invoke &amp;quot;org.openqa.selenium.WebElement.isDisplayed()&amp;quot; because &amp;quot;element&amp;quot; is null">
      <![CDATA[java.lang.NullPointerException: Cannot invoke "org.openqa.selenium.WebElement.isDisplayed()" because "element" is null
at org.openqa.selenium.support.ui.ExpectedConditions.elementIfVisible(ExpectedConditions.java:314)
at org.openqa.selenium.support.ui.ExpectedConditions.access$000(ExpectedConditions.java:43)
at org.openqa.selenium.support.ui.ExpectedConditions$10.apply(ExpectedConditions.java:300)
at org.openqa.selenium.support.ui.ExpectedConditions$10.apply(ExpectedConditions.java:297)
at org.openqa.selenium.support.ui.FluentWait.until(FluentWait.java:249)
at utilities.Waiter.waitForVisibilityOfElement(Waiter.java:19)
at scripts._04_GoogleSearchTest.testGoogleStoreLink(_04_GoogleSearchTest.java:34)
at java.base/java.util.ArrayList.forEach(ArrayList.java:1511)
... Removed 28 stack frames]]>
    </failure>
  </testcase> <!-- testGoogleStoreLink -->
  <testcase classname="scripts._03_EtsyTest" name="testEtsyLogo" time="1.825"/>
  <testcase classname="scripts._03_EtsyTest" name="testEtsySearch" time="1.72"/>
  <testcase classname="scripts._03_EtsyTest" name="testEtsySearchResult" time="3.918"/>
  <testcase classname="scripts._04_GoogleSearchTest" name="testGoogleSearch" time="0.0">
    <ignored/>
  </testcase> <!-- testGoogleSearch -->
  <testcase classname="scripts._01_AppleTest" name="testAppleURL" time="0.0">
    <ignored/>
  </testcase> <!-- testAppleURL -->
  <testcase classname="scripts._03_EtsyTest" name="testMainHeader" time="0.0">
    <ignored/>
  </testcase> <!-- testMainHeader -->
</testsuite> <!-- Critical Functionalities -->
